[0.388s] Invoking command in '/home/berenakpinar/ros2j_ws/src/my_robot_controller': DEBUGINFOD_URLS=https://debuginfod.ubuntu.com PYTHONPATH=/home/berenakpinar/ros2j_ws/build/my_robot_controller/prefix_override:/usr/lib/python3/dist-packages/colcon_core/task/python/colcon_distutils_commands:/home/berenakpinar/ros2j_ws/install/my_robot_controller/lib/python3.12/site-packages:${PYTHONPATH} /usr/bin/python3 -W ignore:setup.py install is deprecated -W ignore:easy_install command is deprecated setup.py egg_info --egg-base ../../build/my_robot_controller build --build-base /home/berenakpinar/ros2j_ws/build/my_robot_controller/build install --record /home/berenakpinar/ros2j_ws/build/my_robot_controller/install.log --single-version-externally-managed install_data
[0.514s] running egg_info
[0.522s] writing ../../build/my_robot_controller/my_robot_controller.egg-info/PKG-INFO
[0.523s] writing dependency_links to ../../build/my_robot_controller/my_robot_controller.egg-info/dependency_links.txt
[0.523s] writing entry points to ../../build/my_robot_controller/my_robot_controller.egg-info/entry_points.txt
[0.523s] writing requirements to ../../build/my_robot_controller/my_robot_controller.egg-info/requires.txt
[0.523s] writing top-level names to ../../build/my_robot_controller/my_robot_controller.egg-info/top_level.txt
[0.540s] reading manifest file '../../build/my_robot_controller/my_robot_controller.egg-info/SOURCES.txt'
[0.540s] writing manifest file '../../build/my_robot_controller/my_robot_controller.egg-info/SOURCES.txt'
[0.540s] running build
[0.541s] running build_py
[0.541s] copying my_robot_controller/my_first_node.py -> /home/berenakpinar/ros2j_ws/build/my_robot_controller/build/lib/my_robot_controller
[0.541s] running install
[0.544s] running install_lib
[0.553s] copying /home/berenakpinar/ros2j_ws/build/my_robot_controller/build/lib/my_robot_controller/my_first_node.py -> /home/berenakpinar/ros2j_ws/install/my_robot_controller/lib/python3.12/site-packages/my_robot_controller
[0.553s] byte-compiling /home/berenakpinar/ros2j_ws/install/my_robot_controller/lib/python3.12/site-packages/my_robot_controller/my_first_node.py to my_first_node.cpython-312.pyc
[0.553s] running install_data
[0.554s] running install_egg_info
[0.563s] removing '/home/berenakpinar/ros2j_ws/install/my_robot_controller/lib/python3.12/site-packages/my_robot_controller-0.0.0-py3.12.egg-info' (and everything under it)
[0.563s] Copying ../../build/my_robot_controller/my_robot_controller.egg-info to /home/berenakpinar/ros2j_ws/install/my_robot_controller/lib/python3.12/site-packages/my_robot_controller-0.0.0-py3.12.egg-info
[0.563s] running install_scripts
[0.626s] Installing test_node script to /home/berenakpinar/ros2j_ws/install/my_robot_controller/lib/my_robot_controller
[0.626s] writing list of installed files to '/home/berenakpinar/ros2j_ws/build/my_robot_controller/install.log'
[0.643s] Invoked command in '/home/berenakpinar/ros2j_ws/src/my_robot_controller' returned '0': DEBUGINFOD_URLS=https://debuginfod.ubuntu.com PYTHONPATH=/home/berenakpinar/ros2j_ws/build/my_robot_controller/prefix_override:/usr/lib/python3/dist-packages/colcon_core/task/python/colcon_distutils_commands:/home/berenakpinar/ros2j_ws/install/my_robot_controller/lib/python3.12/site-packages:${PYTHONPATH} /usr/bin/python3 -W ignore:setup.py install is deprecated -W ignore:easy_install command is deprecated setup.py egg_info --egg-base ../../build/my_robot_controller build --build-base /home/berenakpinar/ros2j_ws/build/my_robot_controller/build install --record /home/berenakpinar/ros2j_ws/build/my_robot_controller/install.log --single-version-externally-managed install_data
