[0.463s] Invoking command in '/home/berenakpinar/ros2j_ws/src/my_robot_controller': DEBUGINFOD_URLS=https://debuginfod.ubuntu.com PYTHONPATH=/home/berenakpinar/ros2j_ws/build/my_robot_controller/prefix_override:/usr/lib/python3/dist-packages/colcon_core/task/python/colcon_distutils_commands:/home/berenakpinar/ros2j_ws/install/my_robot_controller/lib/python3.12/site-packages:${PYTHONPATH} /usr/bin/python3 -W ignore:setup.py install is deprecated -W ignore:easy_install command is deprecated setup.py egg_info --egg-base ../../build/my_robot_controller build --build-base /home/berenakpinar/ros2j_ws/build/my_robot_controller/build install --record /home/berenakpinar/ros2j_ws/build/my_robot_controller/install.log --single-version-externally-managed install_data
[0.588s] running egg_info
[0.589s] creating ../../build/my_robot_controller/my_robot_controller.egg-info
[0.597s] writing ../../build/my_robot_controller/my_robot_controller.egg-info/PKG-INFO
[0.598s] writing dependency_links to ../../build/my_robot_controller/my_robot_controller.egg-info/dependency_links.txt
[0.598s] writing requirements to ../../build/my_robot_controller/my_robot_controller.egg-info/requires.txt
[0.598s] writing top-level names to ../../build/my_robot_controller/my_robot_controller.egg-info/top_level.txt
[0.598s] writing manifest file '../../build/my_robot_controller/my_robot_controller.egg-info/SOURCES.txt'
[0.615s] reading manifest file '../../build/my_robot_controller/my_robot_controller.egg-info/SOURCES.txt'
[0.615s] writing manifest file '../../build/my_robot_controller/my_robot_controller.egg-info/SOURCES.txt'
[0.615s] running build
[0.616s] running build_py
[0.616s] creating /home/berenakpinar/ros2j_ws/build/my_robot_controller/build
[0.616s] creating /home/berenakpinar/ros2j_ws/build/my_robot_controller/build/lib
[0.616s] creating /home/berenakpinar/ros2j_ws/build/my_robot_controller/build/lib/my_robot_controller
[0.616s] copying my_robot_controller/__init__.py -> /home/berenakpinar/ros2j_ws/build/my_robot_controller/build/lib/my_robot_controller
[0.617s] running install
[0.619s] running install_lib
[0.628s] creating /home/berenakpinar/ros2j_ws/install/my_robot_controller/lib/python3.12/site-packages/my_robot_controller
[0.628s] copying /home/berenakpinar/ros2j_ws/build/my_robot_controller/build/lib/my_robot_controller/__init__.py -> /home/berenakpinar/ros2j_ws/install/my_robot_controller/lib/python3.12/site-packages/my_robot_controller
[0.629s] byte-compiling /home/berenakpinar/ros2j_ws/install/my_robot_controller/lib/python3.12/site-packages/my_robot_controller/__init__.py to __init__.cpython-312.pyc
[0.629s] running install_data
[0.629s] creating /home/berenakpinar/ros2j_ws/install/my_robot_controller/share/ament_index
[0.629s] creating /home/berenakpinar/ros2j_ws/install/my_robot_controller/share/ament_index/resource_index
[0.629s] creating /home/berenakpinar/ros2j_ws/install/my_robot_controller/share/ament_index/resource_index/packages
[0.629s] copying resource/my_robot_controller -> /home/berenakpinar/ros2j_ws/install/my_robot_controller/share/ament_index/resource_index/packages
[0.629s] copying package.xml -> /home/berenakpinar/ros2j_ws/install/my_robot_controller/share/my_robot_controller
[0.629s] running install_egg_info
[0.638s] Copying ../../build/my_robot_controller/my_robot_controller.egg-info to /home/berenakpinar/ros2j_ws/install/my_robot_controller/lib/python3.12/site-packages/my_robot_controller-0.0.0-py3.12.egg-info
[0.638s] running install_scripts
[0.701s] writing list of installed files to '/home/berenakpinar/ros2j_ws/build/my_robot_controller/install.log'
[0.718s] Invoked command in '/home/berenakpinar/ros2j_ws/src/my_robot_controller' returned '0': DEBUGINFOD_URLS=https://debuginfod.ubuntu.com PYTHONPATH=/home/berenakpinar/ros2j_ws/build/my_robot_controller/prefix_override:/usr/lib/python3/dist-packages/colcon_core/task/python/colcon_distutils_commands:/home/berenakpinar/ros2j_ws/install/my_robot_controller/lib/python3.12/site-packages:${PYTHONPATH} /usr/bin/python3 -W ignore:setup.py install is deprecated -W ignore:easy_install command is deprecated setup.py egg_info --egg-base ../../build/my_robot_controller build --build-base /home/berenakpinar/ros2j_ws/build/my_robot_controller/build install --record /home/berenakpinar/ros2j_ws/build/my_robot_controller/install.log --single-version-externally-managed install_data
