[0.368s] Invoking command in '/home/berenakpinar/ros2j_ws/build/my_robot_controller': DEBUGINFOD_URLS=https://debuginfod.ubuntu.com PYTHONPATH=/home/berenakpinar/ros2j_ws/build/my_robot_controller/prefix_override:/usr/lib/python3/dist-packages/colcon_core/task/python/colcon_distutils_commands:/home/berenakpinar/ros2j_ws/install/my_robot_controller/lib/python3.12/site-packages:${PYTHONPATH} /usr/bin/python3 -W ignore:setup.py install is deprecated -W ignore:easy_install command is deprecated setup.py develop --editable --build-directory /home/berenakpinar/ros2j_ws/build/my_robot_controller/build --no-deps symlink_data
[0.520s] running develop
[0.610s] running egg_info
[0.619s] writing my_robot_controller.egg-info/PKG-INFO
[0.619s] writing dependency_links to my_robot_controller.egg-info/dependency_links.txt
[0.619s] writing entry points to my_robot_controller.egg-info/entry_points.txt
[0.619s] writing requirements to my_robot_controller.egg-info/requires.txt
[0.619s] writing top-level names to my_robot_controller.egg-info/top_level.txt
[0.636s] reading manifest file 'my_robot_controller.egg-info/SOURCES.txt'
[0.636s] writing manifest file 'my_robot_controller.egg-info/SOURCES.txt'
[0.645s] running build_ext
[0.645s] Creating /home/berenakpinar/ros2j_ws/install/my_robot_controller/lib/python3.12/site-packages/my-robot-controller.egg-link (link to .)
[0.646s] Installing draw_circle script to /home/berenakpinar/ros2j_ws/install/my_robot_controller/lib/my_robot_controller
[0.646s] Installing pose_subscriber script to /home/berenakpinar/ros2j_ws/install/my_robot_controller/lib/my_robot_controller
[0.646s] Installing test_node script to /home/berenakpinar/ros2j_ws/install/my_robot_controller/lib/my_robot_controller
[0.646s] Installing turtle_controller script to /home/berenakpinar/ros2j_ws/install/my_robot_controller/lib/my_robot_controller
[0.646s] 
[0.647s] Installed /home/berenakpinar/ros2j_ws/build/my_robot_controller
[0.647s] running symlink_data
[0.664s] Invoked command in '/home/berenakpinar/ros2j_ws/build/my_robot_controller' returned '0': DEBUGINFOD_URLS=https://debuginfod.ubuntu.com PYTHONPATH=/home/berenakpinar/ros2j_ws/build/my_robot_controller/prefix_override:/usr/lib/python3/dist-packages/colcon_core/task/python/colcon_distutils_commands:/home/berenakpinar/ros2j_ws/install/my_robot_controller/lib/python3.12/site-packages:${PYTHONPATH} /usr/bin/python3 -W ignore:setup.py install is deprecated -W ignore:easy_install command is deprecated setup.py develop --editable --build-directory /home/berenakpinar/ros2j_ws/build/my_robot_controller/build --no-deps symlink_data
